[2020-06-30 14:30:57] app.INFO: Protect vendor folder in module contactform [] []
[2020-06-30 14:30:57] app.INFO: Module contactform has no vendor folder [] []
[2020-06-30 14:30:57] app.INFO: Protect vendor folder in module dashactivity [] []
[2020-06-30 14:30:57] app.INFO: Module dashactivity has no vendor folder [] []
[2020-06-30 14:30:57] app.INFO: Protect vendor folder in module dashtrends [] []
[2020-06-30 14:30:57] app.INFO: Module dashtrends has no vendor folder [] []
[2020-06-30 14:30:57] app.INFO: Protect vendor folder in module dashgoals [] []
[2020-06-30 14:30:57] app.INFO: Module dashgoals has no vendor folder [] []
[2020-06-30 14:30:58] app.INFO: Protect vendor folder in module dashproducts [] []
[2020-06-30 14:30:58] app.INFO: Module dashproducts has no vendor folder [] []
[2020-06-30 14:30:58] app.INFO: Protect vendor folder in module graphnvd3 [] []
[2020-06-30 14:30:58] app.INFO: Module graphnvd3 has no vendor folder [] []
[2020-06-30 14:30:58] app.INFO: Protect vendor folder in module gridhtml [] []
[2020-06-30 14:30:58] app.INFO: Module gridhtml has no vendor folder [] []
[2020-06-30 14:30:58] app.INFO: Protect vendor folder in module gsitemap [] []
[2020-06-30 14:30:58] app.INFO: Module gsitemap has no vendor folder [] []
[2020-06-30 14:30:58] app.INFO: Protect vendor folder in module ps_banner [] []
[2020-06-30 14:30:58] app.INFO: Module ps_banner has no vendor folder [] []
[2020-06-30 14:30:58] app.INFO: Protect vendor folder in module ps_categorytree [] []
[2020-06-30 14:30:58] app.INFO: Module ps_categorytree has no vendor folder [] []
[2020-06-30 14:30:58] app.INFO: Protect vendor folder in module ps_checkpayment [] []
[2020-06-30 14:30:58] app.INFO: Module ps_checkpayment has no vendor folder [] []
[2020-06-30 14:30:58] app.INFO: Protect vendor folder in module ps_contactinfo [] []
[2020-06-30 14:30:58] app.INFO: Module ps_contactinfo has no vendor folder [] []
[2020-06-30 14:30:58] app.INFO: Protect vendor folder in module ps_currencyselector [] []
[2020-06-30 14:30:58] app.INFO: Module ps_currencyselector has no vendor folder [] []
[2020-06-30 14:30:58] app.INFO: Protect vendor folder in module ps_customeraccountlinks [] []
[2020-06-30 14:30:58] app.INFO: Module ps_customeraccountlinks has no vendor folder [] []
[2020-06-30 14:30:58] app.INFO: Protect vendor folder in module ps_customersignin [] []
[2020-06-30 14:30:58] app.INFO: Module ps_customersignin has no vendor folder [] []
[2020-06-30 14:30:58] app.INFO: Protect vendor folder in module ps_customtext [] []
[2020-06-30 14:30:58] app.INFO: Module ps_customtext has no vendor folder [] []
[2020-06-30 14:30:58] app.INFO: Protect vendor folder in module ps_emailsubscription [] []
[2020-06-30 14:30:58] app.INFO: Module ps_emailsubscription has no vendor folder [] []
[2020-06-30 14:30:59] app.INFO: Protect vendor folder in module ps_facetedsearch [] []
[2020-06-30 14:30:59] app.INFO: Module ps_facetedsearch has no vendor folder [] []
[2020-06-30 14:30:59] app.INFO: Protect vendor folder in module ps_faviconnotificationbo [] []
[2020-06-30 14:30:59] app.INFO: Module ps_faviconnotificationbo has no vendor folder [] []
[2020-06-30 14:30:59] app.INFO: Protect vendor folder in module ps_featuredproducts [] []
[2020-06-30 14:30:59] app.INFO: Module ps_featuredproducts has no vendor folder [] []
[2020-06-30 14:30:59] app.INFO: Protect vendor folder in module ps_imageslider [] []
[2020-06-30 14:30:59] app.INFO: Module ps_imageslider has no vendor folder [] []
[2020-06-30 14:30:59] app.INFO: Protect vendor folder in module ps_languageselector [] []
[2020-06-30 14:30:59] app.INFO: Module ps_languageselector has no vendor folder [] []
[2020-06-30 14:31:00] app.INFO: Protect vendor folder in module ps_linklist [] []
[2020-06-30 14:31:00] app.INFO: Module ps_linklist has no vendor folder [] []
[2020-06-30 14:31:00] app.ERROR: Class "AdminLinkWidgetController" not found in controllers/admin [] []
[2020-06-30 14:31:00] app.INFO: Protect vendor folder in module ps_mainmenu [] []
[2020-06-30 14:31:00] app.INFO: Module ps_mainmenu has no vendor folder [] []
[2020-06-30 14:31:00] app.INFO: Protect vendor folder in module ps_searchbar [] []
[2020-06-30 14:31:00] app.INFO: Module ps_searchbar has no vendor folder [] []
[2020-06-30 14:31:00] app.INFO: Protect vendor folder in module ps_sharebuttons [] []
[2020-06-30 14:31:00] app.INFO: Module ps_sharebuttons has no vendor folder [] []
[2020-06-30 14:31:00] app.INFO: Protect vendor folder in module ps_shoppingcart [] []
[2020-06-30 14:31:00] app.INFO: Module ps_shoppingcart has no vendor folder [] []
[2020-06-30 14:31:00] app.INFO: Protect vendor folder in module ps_socialfollow [] []
[2020-06-30 14:31:00] app.INFO: Module ps_socialfollow has no vendor folder [] []
[2020-06-30 14:31:00] app.INFO: Protect vendor folder in module ps_themecusto [] []
[2020-06-30 14:31:00] app.INFO: Module ps_themecusto has no vendor folder [] []
[2020-06-30 14:31:00] app.INFO: Protect vendor folder in module ps_wirepayment [] []
[2020-06-30 14:31:00] app.INFO: Module ps_wirepayment has no vendor folder [] []
[2020-06-30 14:31:00] app.INFO: Protect vendor folder in module pagesnotfound [] []
[2020-06-30 14:31:00] app.INFO: Module pagesnotfound has no vendor folder [] []
[2020-06-30 14:31:00] app.INFO: Protect vendor folder in module sekeywords [] []
[2020-06-30 14:31:00] app.INFO: Module sekeywords has no vendor folder [] []
[2020-06-30 14:31:00] app.INFO: Protect vendor folder in module statsbestcategories [] []
[2020-06-30 14:31:00] app.INFO: Module statsbestcategories has no vendor folder [] []
[2020-06-30 14:31:00] app.INFO: Protect vendor folder in module statsbestcustomers [] []
[2020-06-30 14:31:00] app.INFO: Module statsbestcustomers has no vendor folder [] []
[2020-06-30 14:31:00] app.INFO: Protect vendor folder in module statsbestproducts [] []
[2020-06-30 14:31:00] app.INFO: Module statsbestproducts has no vendor folder [] []
[2020-06-30 14:31:00] app.INFO: Protect vendor folder in module statsbestsuppliers [] []
[2020-06-30 14:31:00] app.INFO: Module statsbestsuppliers has no vendor folder [] []
[2020-06-30 14:31:00] app.INFO: Protect vendor folder in module statsbestvouchers [] []
[2020-06-30 14:31:00] app.INFO: Module statsbestvouchers has no vendor folder [] []
[2020-06-30 14:31:00] app.INFO: Protect vendor folder in module statscarrier [] []
[2020-06-30 14:31:00] app.INFO: Module statscarrier has no vendor folder [] []
[2020-06-30 14:31:01] app.INFO: Protect vendor folder in module statscatalog [] []
[2020-06-30 14:31:01] app.INFO: Module statscatalog has no vendor folder [] []
[2020-06-30 14:31:01] app.INFO: Protect vendor folder in module statscheckup [] []
[2020-06-30 14:31:01] app.INFO: Module statscheckup has no vendor folder [] []
[2020-06-30 14:31:01] app.INFO: Protect vendor folder in module statsdata [] []
[2020-06-30 14:31:01] app.INFO: Module statsdata has no vendor folder [] []
[2020-06-30 14:31:01] app.INFO: Protect vendor folder in module statsequipment [] []
[2020-06-30 14:31:01] app.INFO: Module statsequipment has no vendor folder [] []
[2020-06-30 14:31:01] app.INFO: Protect vendor folder in module statsforecast [] []
[2020-06-30 14:31:01] app.INFO: Module statsforecast has no vendor folder [] []
[2020-06-30 14:31:01] app.INFO: Protect vendor folder in module statslive [] []
[2020-06-30 14:31:01] app.INFO: Module statslive has no vendor folder [] []
[2020-06-30 14:31:01] app.INFO: Protect vendor folder in module statsnewsletter [] []
[2020-06-30 14:31:01] app.INFO: Module statsnewsletter has no vendor folder [] []
[2020-06-30 14:31:01] app.INFO: Protect vendor folder in module statsorigin [] []
[2020-06-30 14:31:01] app.INFO: Module statsorigin has no vendor folder [] []
[2020-06-30 14:31:01] app.INFO: Protect vendor folder in module statspersonalinfos [] []
[2020-06-30 14:31:01] app.INFO: Module statspersonalinfos has no vendor folder [] []
[2020-06-30 14:31:01] app.INFO: Protect vendor folder in module statsproduct [] []
[2020-06-30 14:31:01] app.INFO: Module statsproduct has no vendor folder [] []
[2020-06-30 14:31:01] app.INFO: Protect vendor folder in module statsregistrations [] []
[2020-06-30 14:31:01] app.INFO: Module statsregistrations has no vendor folder [] []
[2020-06-30 14:31:01] app.INFO: Protect vendor folder in module statssales [] []
[2020-06-30 14:31:01] app.INFO: Module statssales has no vendor folder [] []
[2020-06-30 14:31:01] app.INFO: Protect vendor folder in module statssearch [] []
[2020-06-30 14:31:01] app.INFO: Module statssearch has no vendor folder [] []
[2020-06-30 14:31:01] app.INFO: Protect vendor folder in module statsstock [] []
[2020-06-30 14:31:01] app.INFO: Module statsstock has no vendor folder [] []
[2020-06-30 14:31:01] app.INFO: Protect vendor folder in module statsvisits [] []
[2020-06-30 14:31:01] app.INFO: Module statsvisits has no vendor folder [] []
[2020-06-30 14:31:01] app.INFO: Protect vendor folder in module welcome [] []
[2020-06-30 14:31:04] app.INFO: Exporting mail with theme modern for language Français (French) [] []
[2020-06-30 14:31:04] app.INFO: Core output folder: C:\wamp64\www\prestashop_1.7.6.5/mails [] []
[2020-06-30 14:31:04] app.INFO: Modules output folder: C:\wamp64\www\prestashop_1.7.6.5/modules/ [] []
[2020-06-30 16:42:36] request.INFO: Matched route "admin_module_notification_count". {"route":"admin_module_notification_count","route_parameters":{"_controller":"PrestaShopBundle\\Controller\\Admin\\Improve\\Modules\\AlertsController::notificationsCountAction","_legacy_controller":"AdminModulesNotifications","_legacy_link":"AdminModulesNotifications:count","_route":"admin_module_notification_count"},"request_uri":"http://localhost/prestashop_1.7.6.5/admin514ovtrvm/index.php/improve/modules/alerts/count?_token=prT2TqZolrRdh459OysCRxZpyReUwdnSSk4GGeaoP_8","method":"GET"} []
[2020-06-30 16:42:36] security.DEBUG: Read existing security token from the session. {"key":"_security_main","token_class":"Symfony\\Component\\Security\\Core\\Authentication\\Token\\UsernamePasswordToken"} []
[2020-06-30 16:42:36] security.DEBUG: User was reloaded from a user provider. {"provider":"PrestaShopBundle\\Security\\Admin\\EmployeeProvider","username":"fasano.alexis74@gmail.com"} []
[2020-06-30 16:42:36] request.CRITICAL: Uncaught PHP Exception Symfony\Component\Debug\Exception\FatalErrorException: "Compile Error: Cannot declare class Contactform, because the name is already in use" at C:\wamp64\www\prestashop_1.7.6.5\modules\contactform\contactform.php line 33 {"exception":"[object] (Symfony\\Component\\Debug\\Exception\\FatalErrorException(code: 0): Compile Error: Cannot declare class Contactform, because the name is already in use at C:\\wamp64\\www\\prestashop_1.7.6.5\\modules\\contactform\\contactform.php:33)"} []
[2020-06-30 16:42:36] security.DEBUG: Stored the security token in the session. {"key":"_security_main"} []
[2020-06-30 17:16:03] request.CRITICAL: Uncaught PHP Exception SmartyException: "unable to write file C:\wamp64\www\prestashop_1.7.6.5\var\cache\prod\smarty\compile\a5\d8\a5\a5d8a5d55d34a00d81b3f1cbb6710932413613e0_0.file.faviconbo.tpl.php" at C:\wamp64\www\prestashop_1.7.6.5\vendor\smarty\smarty\libs\sysplugins\smarty_internal_runtime_writefile.php line 90 {"exception":"[object] (SmartyException(code: 0): unable to write file C:\\wamp64\\www\\prestashop_1.7.6.5\\var\\cache\\prod\\smarty\\compile\\a5\\d8\\a5\\a5d8a5d55d34a00d81b3f1cbb6710932413613e0_0.file.faviconbo.tpl.php at C:\\wamp64\\www\\prestashop_1.7.6.5\\vendor\\smarty\\smarty\\libs\\sysplugins\\smarty_internal_runtime_writefile.php:90)"} []
